<?xml version="1.0" encoding="UTF-8"?>
<testsuite xmlns:xsi="http://www.w3.org/2001/XMLSchema-instance" xsi:noNamespaceSchemaLocation="https://maven.apache.org/surefire/maven-surefire-plugin/xsd/surefire-test-report-3.0.xsd" version="3.0" name="edu.sru.group7.roomallocation.RoomallocationApplicationTests" time="11.366" tests="1" errors="0" skipped="0" failures="0">
  <properties>
[...]
</properties>
  <testcase name="contextLoads" classname="edu.sru.group7.roomallocation.RoomallocationApplicationTests" time="0.913">
    <system-out><![CDATA[19:08:39.006 [main] INFO org.springframework.test.context.support.AnnotationConfigContextLoaderUtils -- Could not detect default configuration classes for test class [edu.sru.group7.roomallocation.RoomallocationApplicationTests]: RoomallocationApplicationTests does not declare any static, non-private, non-final, nested classes annotated with @Configuration.
19:08:39.258 [main] INFO org.springframework.boot.test.context.SpringBootTestContextBootstrapper -- Found @SpringBootConfiguration edu.sru.group7.roomallocation.RoomallocationApplication for test class edu.sru.group7.roomallocation.RoomallocationApplicationTests
19:08:39.696 [main] INFO org.springframework.boot.devtools.restart.RestartApplicationListener -- Restart disabled due to context in which it is running

  .   ____          _            __ _ _
 /\\ / ___'_ __ _ _(_)_ __  __ _ \ \ \ \
( ( )\___ | '_ | '_| | '_ \/ _` | \ \ \ \
 \\/  ___)| |_)| | | | | || (_| |  ) ) ) )
  '  |____| .__|_| |_|_| |_\__, | / / / /
 =========|_|==============|___/=/_/_/_/
 :: Spring Boot ::                (v3.2.2)

2024-02-01T19:08:40.156-05:00  INFO 19880 --- [           main] e.s.g.r.RoomallocationApplicationTests   : Starting RoomallocationApplicationTests using Java 21 with PID 19880 (started by jinis in C:\Users\jinis\Documents\Git\Spring-2024-Room-Allocation-\roomallocation)
2024-02-01T19:08:40.159-05:00  INFO 19880 --- [           main] e.s.g.r.RoomallocationApplicationTests   : No active profile set, falling back to 1 default profile: "default"
2024-02-01T19:08:41.670-05:00  INFO 19880 --- [           main] .s.d.r.c.RepositoryConfigurationDelegate : Multiple Spring Data modules found, entering strict repository configuration mode
2024-02-01T19:08:41.673-05:00  INFO 19880 --- [           main] .s.d.r.c.RepositoryConfigurationDelegate : Bootstrapping Spring Data JDBC repositories in DEFAULT mode.
2024-02-01T19:08:41.738-05:00  INFO 19880 --- [           main] .RepositoryConfigurationExtensionSupport : Spring Data JDBC - Could not safely identify store assignment for repository candidate interface edu.sru.group7.roomallocation.repositories.ClassRoomITFeaturesRepository; If you want this repository to be a JDBC repository, consider annotating your entities with one of these annotations: org.springframework.data.relational.core.mapping.Table.
2024-02-01T19:08:41.746-05:00  INFO 19880 --- [           main] .RepositoryConfigurationExtensionSupport : Spring Data JDBC - Could not safely identify store assignment for repository candidate interface edu.sru.group7.roomallocation.repositories.ComputerLabITFeaturesRepository; If you want this repository to be a JDBC repository, consider annotating your entities with one of these annotations: org.springframework.data.relational.core.mapping.Table.
2024-02-01T19:08:41.750-05:00  INFO 19880 --- [           main] .RepositoryConfigurationExtensionSupport : Spring Data JDBC - Could not safely identify store assignment for repository candidate interface edu.sru.group7.roomallocation.repositories.FacilitiesRepository; If you want this repository to be a JDBC repository, consider annotating your entities with one of these annotations: org.springframework.data.relational.core.mapping.Table.
2024-02-01T19:08:41.752-05:00  INFO 19880 --- [           main] .RepositoryConfigurationExtensionSupport : Spring Data JDBC - Could not safely identify store assignment for repository candidate interface edu.sru.group7.roomallocation.repositories.RoomsRepository; If you want this repository to be a JDBC repository, consider annotating your entities with one of these annotations: org.springframework.data.relational.core.mapping.Table.
2024-02-01T19:08:41.754-05:00  INFO 19880 --- [           main] .RepositoryConfigurationExtensionSupport : Spring Data JDBC - Could not safely identify store assignment for repository candidate interface edu.sru.group7.roomallocation.repositories.StructuralArchitecturalFeaturesRepository; If you want this repository to be a JDBC repository, consider annotating your entities with one of these annotations: org.springframework.data.relational.core.mapping.Table.
2024-02-01T19:08:41.756-05:00  INFO 19880 --- [           main] .s.d.r.c.RepositoryConfigurationDelegate : Finished Spring Data repository scanning in 72 ms. Found 0 JDBC repository interfaces.
2024-02-01T19:08:41.778-05:00  INFO 19880 --- [           main] .s.d.r.c.RepositoryConfigurationDelegate : Multiple Spring Data modules found, entering strict repository configuration mode
2024-02-01T19:08:41.780-05:00  INFO 19880 --- [           main] .s.d.r.c.RepositoryConfigurationDelegate : Bootstrapping Spring Data JPA repositories in DEFAULT mode.
2024-02-01T19:08:42.071-05:00  INFO 19880 --- [           main] .s.d.r.c.RepositoryConfigurationDelegate : Finished Spring Data repository scanning in 282 ms. Found 5 JPA repository interfaces.
2024-02-01T19:08:43.139-05:00  INFO 19880 --- [           main] com.zaxxer.hikari.HikariDataSource       : HikariPool-1 - Starting...
2024-02-01T19:08:43.737-05:00  INFO 19880 --- [           main] com.zaxxer.hikari.pool.HikariPool        : HikariPool-1 - Added connection conn0: url=jdbc:h2:mem:0cd7978e-2c4f-4807-a92e-65923c8c8297 user=SA
2024-02-01T19:08:43.740-05:00  INFO 19880 --- [           main] com.zaxxer.hikari.HikariDataSource       : HikariPool-1 - Start completed.
2024-02-01T19:08:43.839-05:00  INFO 19880 --- [           main] o.hibernate.jpa.internal.util.LogHelper  : HHH000204: Processing PersistenceUnitInfo [name: default]
2024-02-01T19:08:44.004-05:00  INFO 19880 --- [           main] org.hibernate.Version                    : HHH000412: Hibernate ORM core version 6.4.1.Final
2024-02-01T19:08:44.086-05:00  INFO 19880 --- [           main] o.h.c.internal.RegionFactoryInitiator    : HHH000026: Second-level cache disabled
2024-02-01T19:08:44.698-05:00  INFO 19880 --- [           main] o.s.o.j.p.SpringPersistenceUnitInfo      : No LoadTimeWeaver setup: ignoring JPA class transformer
2024-02-01T19:08:46.482-05:00  INFO 19880 --- [           main] o.h.e.t.j.p.i.JtaPlatformInitiator       : HHH000489: No JTA platform available (set 'hibernate.transaction.jta.platform' to enable JTA platform integration)
2024-02-01T19:08:46.590-05:00  INFO 19880 --- [           main] j.LocalContainerEntityManagerFactoryBean : Initialized JPA EntityManagerFactory for persistence unit 'default'
2024-02-01T19:08:47.000-05:00  WARN 19880 --- [           main] JpaBaseConfiguration$JpaWebConfiguration : spring.jpa.open-in-view is enabled by default. Therefore, database queries may be performed during view rendering. Explicitly configure spring.jpa.open-in-view to disable this warning
2024-02-01T19:08:49.016-05:00  INFO 19880 --- [           main] e.s.g.r.RoomallocationApplicationTests   : Started RoomallocationApplicationTests in 9.344 seconds (process running for 11.511)
]]></system-out>
    <system-err><![CDATA[WARNING: A Java agent has been loaded dynamically (C:\Users\jinis\.m2\repository\net\bytebuddy\byte-buddy-agent\1.14.11\byte-buddy-agent-1.14.11.jar)
WARNING: If a serviceability tool is in use, please run with -XX:+EnableDynamicAgentLoading to hide this warning
WARNING: If a serviceability tool is not in use, please run with -Djdk.instrument.traceUsage for more information
WARNING: Dynamic loading of agents will be disallowed by default in a future release
]]></system-err>
  </testcase>
</testsuite>